<?xml version="1.0" encoding="UTF-8"?>
<testng-results ignored="0" total="2" passed="2" failed="0" skipped="0">
  <reporter-output>
  </reporter-output>
  <suite started-at="2023-05-18T16:08:55 IST" name="Suite1" finished-at="2023-05-18T16:09:15 IST" duration-ms="19630">
    <groups>
    </groups>
    <test started-at="2023-05-18T16:08:55 IST" name="Test1" finished-at="2023-05-18T16:09:15 IST" duration-ms="19630">
      <class name="testngMain">
        <test-method is-config="true" signature="setUpTest()[pri:0, instance:testngMain@6f46426d]" started-at="2023-05-18T16:08:55 IST" name="setUpTest" finished-at="2023-05-18T16:08:59 IST" duration-ms="4158" status="PASS">
          <reporter-output>
          </reporter-output>
        </test-method> <!-- setUpTest -->
        <test-method signature="addToCart()[pri:0, instance:testngMain@6f46426d]" started-at="2023-05-18T16:08:59 IST" name="addToCart" finished-at="2023-05-18T16:09:02 IST" duration-ms="2415" status="PASS">
          <reporter-output>
          </reporter-output>
        </test-method> <!-- addToCart -->
        <test-method is-config="true" signature="cleanUp()[pri:0, instance:testngMain@6f46426d]" started-at="2023-05-18T16:09:02 IST" name="cleanUp" finished-at="2023-05-18T16:09:02 IST" duration-ms="133" status="PASS">
          <reporter-output>
          </reporter-output>
        </test-method> <!-- cleanUp -->
        <test-method is-config="true" signature="setUpTest()[pri:0, instance:testngMain@6f46426d]" started-at="2023-05-18T16:09:02 IST" name="setUpTest" finished-at="2023-05-18T16:09:05 IST" duration-ms="2979" status="PASS">
          <reporter-output>
          </reporter-output>
        </test-method> <!-- setUpTest -->
        <test-method signature="gotoPage()[pri:0, instance:testngMain@6f46426d]" started-at="2023-05-18T16:09:05 IST" name="gotoPage" finished-at="2023-05-18T16:09:15 IST" duration-ms="9806" status="PASS">
          <reporter-output>
          </reporter-output>
        </test-method> <!-- gotoPage -->
        <test-method is-config="true" signature="cleanUp()[pri:0, instance:testngMain@6f46426d]" started-at="2023-05-18T16:09:15 IST" name="cleanUp" finished-at="2023-05-18T16:09:15 IST" duration-ms="106" status="PASS">
          <reporter-output>
          </reporter-output>
        </test-method> <!-- cleanUp -->
      </class> <!-- testngMain -->
    </test> <!-- Test1 -->
  </suite> <!-- Suite1 -->
</testng-results>
